{"numTotalTestSuites":26,"numPassedTestSuites":26,"numFailedTestSuites":0,"numPendingTestSuites":0,"numTotalTests":53,"numPassedTests":53,"numFailedTests":0,"numPendingTests":0,"numTodoTests":0,"startTime":1756590822421,"success":true,"testResults":[{"assertionResults":[{"ancestorTitles":["","Button Component - TDD Cycle 1","Basic Rendering and Props"],"fullName":" Button Component - TDD Cycle 1 Basic Rendering and Props should render a button element with default props","status":"passed","title":"should render a button element with default props","duration":88,"failureMessages":[]},{"ancestorTitles":["","Button Component - TDD Cycle 1","Basic Rendering and Props"],"fullName":" Button Component - TDD Cycle 1 Basic Rendering and Props should render with custom variant classes","status":"passed","title":"should render with custom variant classes","duration":24,"failureMessages":[]},{"ancestorTitles":["","Button Component - TDD Cycle 1","Basic Rendering and Props"],"fullName":" Button Component - TDD Cycle 1 Basic Rendering and Props should render with size variations","status":"passed","title":"should render with size variations","duration":16,"failureMessages":[]},{"ancestorTitles":["","Button Component - TDD Cycle 1","Interactive Behavior"],"fullName":" Button Component - TDD Cycle 1 Interactive Behavior should handle click events","status":"passed","title":"should handle click events","duration":27,"failureMessages":[]},{"ancestorTitles":["","Button Component - TDD Cycle 1","Interactive Behavior"],"fullName":" Button Component - TDD Cycle 1 Interactive Behavior should be disabled when disabled prop is true","status":"passed","title":"should be disabled when disabled prop is true","duration":17,"failureMessages":[]},{"ancestorTitles":["","Button Component - TDD Cycle 1","Accessibility Requirements"],"fullName":" Button Component - TDD Cycle 1 Accessibility Requirements should be keyboard accessible with Enter key","status":"passed","title":"should be keyboard accessible with Enter key","duration":12,"failureMessages":[]},{"ancestorTitles":["","Button Component - TDD Cycle 1","Accessibility Requirements"],"fullName":" Button Component - TDD Cycle 1 Accessibility Requirements should be keyboard accessible with Space key","status":"passed","title":"should be keyboard accessible with Space key","duration":9,"failureMessages":[]},{"ancestorTitles":["","Button Component - TDD Cycle 1","Accessibility Requirements"],"fullName":" Button Component - TDD Cycle 1 Accessibility Requirements should have no accessibility violations","status":"passed","title":"should have no accessibility violations","duration":34,"failureMessages":[]},{"ancestorTitles":["","Button Component - TDD Cycle 1","Accessibility Requirements"],"fullName":" Button Component - TDD Cycle 1 Accessibility Requirements should have proper ARIA attributes when loading","status":"passed","title":"should have proper ARIA attributes when loading","duration":10,"failureMessages":[]},{"ancestorTitles":["","Button Component - TDD Cycle 1","Enterprise B2B Requirements"],"fullName":" Button Component - TDD Cycle 1 Enterprise B2B Requirements should render with enterprise-specific classes","status":"passed","title":"should render with enterprise-specific classes","duration":11,"failureMessages":[]},{"ancestorTitles":["","Button Component - TDD Cycle 1","Enterprise B2B Requirements"],"fullName":" Button Component - TDD Cycle 1 Enterprise B2B Requirements should support high-contrast theme","status":"passed","title":"should support high-contrast theme","duration":6,"failureMessages":[]}],"startTime":1756590823987,"endTime":1756590824243,"status":"passed","message":"","name":"/Volumes/SSD/development/cc-deck/projects/b2b-design-system/src/components/buttons/Button.test.tsx"},{"assertionResults":[{"ancestorTitles":["","ButtonGroup Component - TDD Cycle 2","RED PHASE: Basic Rendering and Layout"],"fullName":" ButtonGroup Component - TDD Cycle 2 RED PHASE: Basic Rendering and Layout should render a group of buttons with unified styling","status":"passed","title":"should render a group of buttons with unified styling","duration":119,"failureMessages":[]},{"ancestorTitles":["","ButtonGroup Component - TDD Cycle 2","RED PHASE: Basic Rendering and Layout"],"fullName":" ButtonGroup Component - TDD Cycle 2 RED PHASE: Basic Rendering and Layout should render with horizontal orientation by default","status":"passed","title":"should render with horizontal orientation by default","duration":16,"failureMessages":[]},{"ancestorTitles":["","ButtonGroup Component - TDD Cycle 2","RED PHASE: Basic Rendering and Layout"],"fullName":" ButtonGroup Component - TDD Cycle 2 RED PHASE: Basic Rendering and Layout should render with vertical orientation when specified","status":"passed","title":"should render with vertical orientation when specified","duration":13,"failureMessages":[]},{"ancestorTitles":["","ButtonGroup Component - TDD Cycle 2","RED PHASE: Basic Rendering and Layout"],"fullName":" ButtonGroup Component - TDD Cycle 2 RED PHASE: Basic Rendering and Layout should maintain size consistency across grouped buttons","status":"passed","title":"should maintain size consistency across grouped buttons","duration":18,"failureMessages":[]},{"ancestorTitles":["","ButtonGroup Component - TDD Cycle 2","Connected Appearance"],"fullName":" ButtonGroup Component - TDD Cycle 2 Connected Appearance should apply first button styling to the first button","status":"passed","title":"should apply first button styling to the first button","duration":13,"failureMessages":[]},{"ancestorTitles":["","ButtonGroup Component - TDD Cycle 2","Connected Appearance"],"fullName":" ButtonGroup Component - TDD Cycle 2 Connected Appearance should apply middle button styling to middle buttons","status":"passed","title":"should apply middle button styling to middle buttons","duration":13,"failureMessages":[]},{"ancestorTitles":["","ButtonGroup Component - TDD Cycle 2","Connected Appearance"],"fullName":" ButtonGroup Component - TDD Cycle 2 Connected Appearance should apply last button styling to the last button","status":"passed","title":"should apply last button styling to the last button","duration":10,"failureMessages":[]},{"ancestorTitles":["","ButtonGroup Component - TDD Cycle 2","Keyboard Navigation"],"fullName":" ButtonGroup Component - TDD Cycle 2 Keyboard Navigation should support keyboard navigation between buttons with arrow keys","status":"passed","title":"should support keyboard navigation between buttons with arrow keys","duration":18,"failureMessages":[]},{"ancestorTitles":["","ButtonGroup Component - TDD Cycle 2","Keyboard Navigation"],"fullName":" ButtonGroup Component - TDD Cycle 2 Keyboard Navigation should wrap focus when navigating beyond last button","status":"passed","title":"should wrap focus when navigating beyond last button","duration":13,"failureMessages":[]},{"ancestorTitles":["","ButtonGroup Component - TDD Cycle 2","Keyboard Navigation"],"fullName":" ButtonGroup Component - TDD Cycle 2 Keyboard Navigation should handle vertical navigation for vertical orientation","status":"passed","title":"should handle vertical navigation for vertical orientation","duration":15,"failureMessages":[]},{"ancestorTitles":["","ButtonGroup Component - TDD Cycle 2","Accessibility Requirements"],"fullName":" ButtonGroup Component - TDD Cycle 2 Accessibility Requirements should have proper group role and accessible label","status":"passed","title":"should have proper group role and accessible label","duration":3,"failureMessages":[]},{"ancestorTitles":["","ButtonGroup Component - TDD Cycle 2","Accessibility Requirements"],"fullName":" ButtonGroup Component - TDD Cycle 2 Accessibility Requirements should support radio button group behavior","status":"passed","title":"should support radio button group behavior","duration":6,"failureMessages":[]},{"ancestorTitles":["","ButtonGroup Component - TDD Cycle 2","Accessibility Requirements"],"fullName":" ButtonGroup Component - TDD Cycle 2 Accessibility Requirements should have no accessibility violations","status":"passed","title":"should have no accessibility violations","duration":52,"failureMessages":[]},{"ancestorTitles":["","ButtonGroup Component - TDD Cycle 2","Enterprise B2B Requirements"],"fullName":" ButtonGroup Component - TDD Cycle 2 Enterprise B2B Requirements should maintain consistent enterprise styling across buttons","status":"passed","title":"should maintain consistent enterprise styling across buttons","duration":7,"failureMessages":[]},{"ancestorTitles":["","ButtonGroup Component - TDD Cycle 2","Enterprise B2B Requirements"],"fullName":" ButtonGroup Component - TDD Cycle 2 Enterprise B2B Requirements should support disabled state for entire group","status":"passed","title":"should support disabled state for entire group","duration":13,"failureMessages":[]}],"startTime":1756590823988,"endTime":1756590824319,"status":"passed","message":"","name":"/Volumes/SSD/development/cc-deck/projects/b2b-design-system/src/components/buttons/ButtonGroup.test.tsx"},{"assertionResults":[{"ancestorTitles":["","FloatingActionButton Component - TDD Cycle 3","RED PHASE: Basic Rendering and Positioning"],"fullName":" FloatingActionButton Component - TDD Cycle 3 RED PHASE: Basic Rendering and Positioning should render a circular floating button with icon","status":"passed","title":"should render a circular floating button with icon","duration":97,"failureMessages":[]},{"ancestorTitles":["","FloatingActionButton Component - TDD Cycle 3","RED PHASE: Basic Rendering and Positioning"],"fullName":" FloatingActionButton Component - TDD Cycle 3 RED PHASE: Basic Rendering and Positioning should render with different sizes maintaining circular shape","status":"passed","title":"should render with different sizes maintaining circular shape","duration":20,"failureMessages":[]},{"ancestorTitles":["","FloatingActionButton Component - TDD Cycle 3","RED PHASE: Basic Rendering and Positioning"],"fullName":" FloatingActionButton Component - TDD Cycle 3 RED PHASE: Basic Rendering and Positioning should render with fixed positioning by default","status":"passed","title":"should render with fixed positioning by default","duration":13,"failureMessages":[]},{"ancestorTitles":["","FloatingActionButton Component - TDD Cycle 3","RED PHASE: Basic Rendering and Positioning"],"fullName":" FloatingActionButton Component - TDD Cycle 3 RED PHASE: Basic Rendering and Positioning should render with absolute positioning when specified","status":"passed","title":"should render with absolute positioning when specified","duration":7,"failureMessages":[]},{"ancestorTitles":["","FloatingActionButton Component - TDD Cycle 3","RED PHASE: Basic Rendering and Positioning"],"fullName":" FloatingActionButton Component - TDD Cycle 3 RED PHASE: Basic Rendering and Positioning should render extended variant with icon and text","status":"passed","title":"should render extended variant with icon and text","duration":10,"failureMessages":[]},{"ancestorTitles":["","FloatingActionButton Component - TDD Cycle 3","Interactive Behavior"],"fullName":" FloatingActionButton Component - TDD Cycle 3 Interactive Behavior should handle click events","status":"passed","title":"should handle click events","duration":23,"failureMessages":[]},{"ancestorTitles":["","FloatingActionButton Component - TDD Cycle 3","Interactive Behavior"],"fullName":" FloatingActionButton Component - TDD Cycle 3 Interactive Behavior should be disabled when disabled prop is true","status":"passed","title":"should be disabled when disabled prop is true","duration":14,"failureMessages":[]},{"ancestorTitles":["","FloatingActionButton Component - TDD Cycle 3","Interactive Behavior"],"fullName":" FloatingActionButton Component - TDD Cycle 3 Interactive Behavior should show loading state with spinner","status":"passed","title":"should show loading state with spinner","duration":4,"failureMessages":[]},{"ancestorTitles":["","FloatingActionButton Component - TDD Cycle 3","Accessibility Requirements"],"fullName":" FloatingActionButton Component - TDD Cycle 3 Accessibility Requirements should require aria-label for screen readers","status":"passed","title":"should require aria-label for screen readers","duration":1,"failureMessages":[]},{"ancestorTitles":["","FloatingActionButton Component - TDD Cycle 3","Accessibility Requirements"],"fullName":" FloatingActionButton Component - TDD Cycle 3 Accessibility Requirements should support keyboard navigation","status":"passed","title":"should support keyboard navigation","duration":14,"failureMessages":[]},{"ancestorTitles":["","FloatingActionButton Component - TDD Cycle 3","Accessibility Requirements"],"fullName":" FloatingActionButton Component - TDD Cycle 3 Accessibility Requirements should have proper role and positioning for screen readers","status":"passed","title":"should have proper role and positioning for screen readers","duration":5,"failureMessages":[]},{"ancestorTitles":["","FloatingActionButton Component - TDD Cycle 3","Accessibility Requirements"],"fullName":" FloatingActionButton Component - TDD Cycle 3 Accessibility Requirements should have no accessibility violations","status":"passed","title":"should have no accessibility violations","duration":46,"failureMessages":[]},{"ancestorTitles":["","FloatingActionButton Component - TDD Cycle 3","Enterprise B2B Requirements"],"fullName":" FloatingActionButton Component - TDD Cycle 3 Enterprise B2B Requirements should render with enterprise styling","status":"passed","title":"should render with enterprise styling","duration":3,"failureMessages":[]},{"ancestorTitles":["","FloatingActionButton Component - TDD Cycle 3","Enterprise B2B Requirements"],"fullName":" FloatingActionButton Component - TDD Cycle 3 Enterprise B2B Requirements should support escape key to close or blur FAB","status":"passed","title":"should support escape key to close or blur FAB","duration":6,"failureMessages":[]},{"ancestorTitles":["","FloatingActionButton Component - TDD Cycle 3","Enterprise B2B Requirements"],"fullName":" FloatingActionButton Component - TDD Cycle 3 Enterprise B2B Requirements should maintain proper z-index for layering","status":"passed","title":"should maintain proper z-index for layering","duration":2,"failureMessages":[]},{"ancestorTitles":["","FloatingActionButton Component - TDD Cycle 3","Positioning and Layout"],"fullName":" FloatingActionButton Component - TDD Cycle 3 Positioning and Layout should render at bottom-right by default","status":"passed","title":"should render at bottom-right by default","duration":2,"failureMessages":[]},{"ancestorTitles":["","FloatingActionButton Component - TDD Cycle 3","Positioning and Layout"],"fullName":" FloatingActionButton Component - TDD Cycle 3 Positioning and Layout should support custom positioning","status":"passed","title":"should support custom positioning","duration":7,"failureMessages":[]}],"startTime":1756590823989,"endTime":1756590824266,"status":"passed","message":"","name":"/Volumes/SSD/development/cc-deck/projects/b2b-design-system/src/components/buttons/FloatingActionButton.test.tsx"},{"assertionResults":[{"ancestorTitles":["","IconButton Component - TDD Cycle 1","RED PHASE: Basic Rendering and Props"],"fullName":" IconButton Component - TDD Cycle 1 RED PHASE: Basic Rendering and Props should render an icon-only button with accessible label","status":"passed","title":"should render an icon-only button with accessible label","duration":89,"failureMessages":[]},{"ancestorTitles":["","IconButton Component - TDD Cycle 1","RED PHASE: Basic Rendering and Props"],"fullName":" IconButton Component - TDD Cycle 1 RED PHASE: Basic Rendering and Props should render with different sizes","status":"passed","title":"should render with different sizes","duration":21,"failureMessages":[]},{"ancestorTitles":["","IconButton Component - TDD Cycle 1","RED PHASE: Basic Rendering and Props"],"fullName":" IconButton Component - TDD Cycle 1 RED PHASE: Basic Rendering and Props should render with different variants","status":"passed","title":"should render with different variants","duration":11,"failureMessages":[]},{"ancestorTitles":["","IconButton Component - TDD Cycle 1","Interactive Behavior"],"fullName":" IconButton Component - TDD Cycle 1 Interactive Behavior should handle click events","status":"passed","title":"should handle click events","duration":25,"failureMessages":[]},{"ancestorTitles":["","IconButton Component - TDD Cycle 1","Interactive Behavior"],"fullName":" IconButton Component - TDD Cycle 1 Interactive Behavior should be disabled when disabled prop is true","status":"passed","title":"should be disabled when disabled prop is true","duration":19,"failureMessages":[]},{"ancestorTitles":["","IconButton Component - TDD Cycle 1","Accessibility Requirements"],"fullName":" IconButton Component - TDD Cycle 1 Accessibility Requirements should require aria-label for screen readers","status":"passed","title":"should require aria-label for screen readers","duration":2,"failureMessages":[]},{"ancestorTitles":["","IconButton Component - TDD Cycle 1","Accessibility Requirements"],"fullName":" IconButton Component - TDD Cycle 1 Accessibility Requirements should support tooltip integration for additional context","status":"passed","title":"should support tooltip integration for additional context","duration":5,"failureMessages":[]},{"ancestorTitles":["","IconButton Component - TDD Cycle 1","Accessibility Requirements"],"fullName":" IconButton Component - TDD Cycle 1 Accessibility Requirements should have no accessibility violations","status":"passed","title":"should have no accessibility violations","duration":41,"failureMessages":[]},{"ancestorTitles":["","IconButton Component - TDD Cycle 1","Enterprise B2B Requirements"],"fullName":" IconButton Component - TDD Cycle 1 Enterprise B2B Requirements should render with enterprise-specific classes","status":"passed","title":"should render with enterprise-specific classes","duration":7,"failureMessages":[]},{"ancestorTitles":["","IconButton Component - TDD Cycle 1","Enterprise B2B Requirements"],"fullName":" IconButton Component - TDD Cycle 1 Enterprise B2B Requirements should maintain square aspect ratio for professional appearance","status":"passed","title":"should maintain square aspect ratio for professional appearance","duration":15,"failureMessages":[]}],"startTime":1756590823987,"endTime":1756590824222,"status":"passed","message":"","name":"/Volumes/SSD/development/cc-deck/projects/b2b-design-system/src/components/buttons/IconButton.test.tsx"}]}